[debug] > Exec(early(addDefaultCommands), None, None)
[debug] > Exec(addDefaultCommands, None, None)
[debug] > Exec(early(initialize), None, None)
[debug] > Exec(initialize, None, None)
[debug] > Exec(early(addPluginSbtFile="""C:\Users\fanli\AppData\Local\Temp\idea2.sbt"""), None, None)
[debug] > Exec(addPluginSbtFile="""C:\Users\fanli\AppData\Local\Temp\idea2.sbt""", None, None)
[debug] > Exec(boot, None, None)
[debug] > Exec(writeSbtVersion, None, None)
[debug] > Exec(reload, None, None)
[debug] > Exec(sbtStashOnFailure, None, None)
[debug] > Exec(onFailure loadFailed, None, None)
[debug] > Exec(loadp, None, None)
[info] welcome to sbt 1.10.5 (Oracle Corporation Java 23.0.1)
[debug] Load.defaultLoad until apply took 63.7553ms
[debug]           Load.loadUnit: plugins took 62.6231ms
[debug]           Load.loadUnit: defsScala took 0.3237ms
[debug] [Loading] Scanning directory C:\repo\scala3_continuation\project
[debug]             Load.loadUnit: mkEval took 3.9923ms
[debug] [Loading] Found non-root projects 
[debug] [Loading] Done in C:\repo\scala3_continuation\project, returning: ()
[debug] deducing auto plugins based on known facts Set(Atom(sbt.plugins.CorePlugin)) and clauses Clauses(Clause(Atom(sbt.plugins.JvmPlugin),Set(Atom(sbt.plugins.IvyPlugin)))
[debug] Clause(Atom(sbt.ScriptedPlugin),Set(Atom(sbt.plugins.JvmPlugin)))
[debug] Clause(Atom(sbt.plugins.SbtPlugin),Set(Atom(sbt.ScriptedPlugin)))
[debug] Clause(Atom(sbt.plugins.SemanticdbPlugin),Set(Atom(sbt.plugins.JvmPlugin)))
[debug] Clause(Atom(sbt.plugins.JUnitXmlReportPlugin),Set(Atom(sbt.plugins.JvmPlugin)))
[debug] Clause(Atom(sbt.plugins.MiniDependencyTreePlugin),Set(Atom(sbt.plugins.JvmPlugin)))
[debug] Clause(Atom(sbt.plugins.CorePlugin),Set(Atom(sbt.plugins.IvyPlugin)))
[debug] Clause(Atom(sbt.plugins.IvyPlugin),Set(Atom(sbt.plugins.JvmPlugin)))
[debug] Clause(Atom(sbt.plugins.JvmPlugin),Set(Atom(sbt.plugins.SemanticdbPlugin)))
[debug] Clause(Atom(sbt.plugins.JvmPlugin),Set(Atom(sbt.plugins.JUnitXmlReportPlugin)))
[debug] Clause(Atom(sbt.plugins.CorePlugin),Set(Atom(sbt.plugins.Giter8TemplatePlugin)))
[debug] Clause(Atom(sbt.plugins.JvmPlugin),Set(Atom(sbt.plugins.MiniDependencyTreePlugin))))
[debug]   :: deduced result: Matched(sbt.plugins.CorePlugin,sbt.plugins.Giter8TemplatePlugin,sbt.plugins.IvyPlugin,sbt.plugins.JvmPlugin,sbt.plugins.MiniDependencyTreePlugin,sbt.plugins.JUnitXmlReportPlugin,sbt.plugins.SemanticdbPlugin)
[debug] Plugins.deducer#function took 10.1486 ms
[info] loading settings for project scala3_continuation-build from idea2.sbt ...
[debug]               Load.resolveProject(scala3_continuation-build) took 34.9341ms
[debug]             Load.loadTransitive: finalizeProject(Project(id scala3_continuation-build, base: C:\repo\scala3_continuation\project, plugins: List(<none>))) took 62.5646ms
[debug] [Loading] Done in C:\repo\scala3_continuation\project, returning: (scala3_continuation-build)
[debug]           Load.loadUnit: loadedProjectsRaw took 259.7795ms
[debug]           Load.loadUnit: cleanEvalClasses took 5.5535ms
[debug]         Load.loadUnit(file:/C:/repo/scala3_continuation/project/, ...) took 333.265ms
[debug]       Load.apply: load took 468.8456ms
[debug]       Load.apply: resolveProjects took 3.7366ms
[debug]       Load.apply: finalTransforms took 57.2051ms
[debug]       Load.apply: config.delegates took 6.3579ms
[debug]       Load.apply: Def.make(settings)... took 383.1604ms
[debug]       Load.apply: structureIndex took 81.9303ms
[debug]       Load.apply: mkStreams took 1.3079ms
[info] loading project definition from C:\repo\scala3_continuation\project
[debug] Running task... Cancel: Signal, check cycles: false, forcegc: true
[debug]     Load.loadUnit: plugins took 1853.6683ms
[debug]     Load.loadUnit: defsScala took 0.0024ms
[debug] [Loading] Scanning directory C:\repo\scala3_continuation
[debug]       Load.loadUnit: mkEval took 0.2178ms
[debug] [Loading] Found root project root w/ remaining 
[debug] deducing auto plugins based on known facts Set(Atom(sbt.plugins.CorePlugin)) and clauses Clauses(Clause(Atom(sbt.plugins.JvmPlugin),Set(Atom(sbt.plugins.IvyPlugin)))
[debug] Clause(Atom(sbt.ScriptedPlugin),Set(Atom(sbt.plugins.JvmPlugin)))
[debug] Clause(Atom(sbt.plugins.SbtPlugin),Set(Atom(sbt.ScriptedPlugin)))
[debug] Clause(Atom(sbt.plugins.SemanticdbPlugin),Set(Atom(sbt.plugins.JvmPlugin)))
[debug] Clause(Atom(sbt.plugins.JUnitXmlReportPlugin),Set(Atom(sbt.plugins.JvmPlugin)))
[debug] Clause(Atom(sbt.plugins.MiniDependencyTreePlugin),Set(Atom(sbt.plugins.JvmPlugin)))
[debug] Clause(Atom(org.jetbrains.sbt.StructurePlugin),Set(Atom(sbt.plugins.JvmPlugin)))
[debug] Clause(Atom(org.jetbrains.sbt.IdeaShellPlugin),Set(Atom(sbt.plugins.JvmPlugin)))
[debug] Clause(Atom(sbt.plugins.CorePlugin),Set(Atom(sbt.plugins.IvyPlugin)))
[debug] Clause(Atom(sbt.plugins.IvyPlugin),Set(Atom(sbt.plugins.JvmPlugin)))
[debug] Clause(Atom(sbt.plugins.JvmPlugin),Set(Atom(sbt.plugins.SemanticdbPlugin)))
[debug] Clause(Atom(sbt.plugins.JvmPlugin),Set(Atom(sbt.plugins.JUnitXmlReportPlugin)))
[debug] Clause(Atom(sbt.plugins.CorePlugin),Set(Atom(sbt.plugins.Giter8TemplatePlugin)))
[debug] Clause(Atom(sbt.plugins.JvmPlugin),Set(Atom(sbt.plugins.MiniDependencyTreePlugin)))
[debug] Clause(Atom(sbt.plugins.JvmPlugin),Set(Atom(org.jetbrains.sbt.StructurePlugin)))
[debug] Clause(Atom(sbt.plugins.JvmPlugin),Set(Atom(org.jetbrains.sbt.IdeaShellPlugin))))
[debug]   :: deduced result: Matched(sbt.plugins.CorePlugin,sbt.plugins.Giter8TemplatePlugin,sbt.plugins.IvyPlugin,sbt.plugins.JvmPlugin,sbt.plugins.SemanticdbPlugin,sbt.plugins.JUnitXmlReportPlugin,org.jetbrains.sbt.IdeaShellPlugin,org.jetbrains.sbt.StructurePlugin,sbt.plugins.MiniDependencyTreePlugin)
[debug] Plugins.deducer#function took 2.1059 ms
[info] loading settings for project root from build.sbt ...
[debug]         Load.resolveProject(root) took 24.4802ms
[debug]       Load.loadTransitive: finalizeProject(Project(id root, base: C:\repo\scala3_continuation, plugins: List(<none>))) took 27.7796ms
[debug] [Loading] Done in C:\repo\scala3_continuation, returning: (root)
[debug]     Load.loadUnit: loadedProjectsRaw took 2032.1897ms
[debug]     Load.loadUnit: cleanEvalClasses took 9.2975ms
[debug]   Load.loadUnit(file:/C:/repo/scala3_continuation/, ...) took 3896.3395ms
[debug] Load.apply: load took 3908.5154ms
[debug] Load.apply: resolveProjects took 0.2742ms
[debug] Load.apply: finalTransforms took 32.1861ms
[debug] Load.apply: config.delegates took 0.5959ms
[debug] Load.apply: Def.make(settings)... took 97.6249ms
[debug] Load.apply: structureIndex took 48.0748ms
[debug] Load.apply: mkStreams took 0.004ms
[info] set current project to scala3_continuation (in build file:/C:/repo/scala3_continuation/)
[debug] > Exec(sbtPopOnFailure, None, None)
[debug] > Exec(resumeFromFailure, None, None)
[debug] > Exec(notifyUsersAboutShell, None, None)
[debug] > Exec(iflast shell, None, None)
[debug] > Exec(idea-shell, None, None)
