[debug] > Exec(early(addDefaultCommands), None, None)
[debug] > Exec(addDefaultCommands, None, None)
[debug] > Exec(early(initialize), None, None)
[debug] > Exec(initialize, None, None)
[debug] > Exec(early(addPluginSbtFile="""C:\Users\fanli\AppData\Local\Temp\idea1.sbt"""), None, None)
[debug] > Exec(addPluginSbtFile="""C:\Users\fanli\AppData\Local\Temp\idea1.sbt""", None, None)
[debug] > Exec(boot, None, None)
[debug] > Exec(writeSbtVersion, None, None)
[debug] > Exec(reload, None, None)
[debug] > Exec(sbtStashOnFailure, None, None)
[debug] > Exec(onFailure loadFailed, None, None)
[debug] > Exec(loadp, None, None)
[info] welcome to sbt 1.10.5 (Oracle Corporation Java 23.0.1)
[debug] Load.defaultLoad until apply took 110.4832ms
[debug]           Load.loadUnit: plugins took 91.1226ms
[debug]           Load.loadUnit: defsScala took 0.31ms
[debug] [Loading] Scanning directory C:\repo\scala3_continuation\project
[debug]             Load.loadUnit: mkEval took 7.8497ms
[debug] [Loading] Found non-root projects 
[debug] [Loading] Done in C:\repo\scala3_continuation\project, returning: ()
[debug] deducing auto plugins based on known facts Set(Atom(sbt.plugins.CorePlugin)) and clauses Clauses(Clause(Atom(sbt.plugins.JvmPlugin),Set(Atom(sbt.plugins.IvyPlugin)))
[debug] Clause(Atom(sbt.ScriptedPlugin),Set(Atom(sbt.plugins.JvmPlugin)))
[debug] Clause(Atom(sbt.plugins.SbtPlugin),Set(Atom(sbt.ScriptedPlugin)))
[debug] Clause(Atom(sbt.plugins.SemanticdbPlugin),Set(Atom(sbt.plugins.JvmPlugin)))
[debug] Clause(Atom(sbt.plugins.JUnitXmlReportPlugin),Set(Atom(sbt.plugins.JvmPlugin)))
[debug] Clause(Atom(sbt.plugins.MiniDependencyTreePlugin),Set(Atom(sbt.plugins.JvmPlugin)))
[debug] Clause(Atom(sbt.plugins.CorePlugin),Set(Atom(sbt.plugins.IvyPlugin)))
[debug] Clause(Atom(sbt.plugins.IvyPlugin),Set(Atom(sbt.plugins.JvmPlugin)))
[debug] Clause(Atom(sbt.plugins.JvmPlugin),Set(Atom(sbt.plugins.SemanticdbPlugin)))
[debug] Clause(Atom(sbt.plugins.JvmPlugin),Set(Atom(sbt.plugins.JUnitXmlReportPlugin)))
[debug] Clause(Atom(sbt.plugins.CorePlugin),Set(Atom(sbt.plugins.Giter8TemplatePlugin)))
[debug] Clause(Atom(sbt.plugins.JvmPlugin),Set(Atom(sbt.plugins.MiniDependencyTreePlugin))))
[debug]   :: deduced result: Matched(sbt.plugins.CorePlugin,sbt.plugins.Giter8TemplatePlugin,sbt.plugins.IvyPlugin,sbt.plugins.JvmPlugin,sbt.plugins.MiniDependencyTreePlugin,sbt.plugins.JUnitXmlReportPlugin,sbt.plugins.SemanticdbPlugin)
[debug] Plugins.deducer#function took 12.0856 ms
[info] loading settings for project scala3_continuation-build from idea1.sbt ...
[debug]               Load.resolveProject(scala3_continuation-build) took 42.1797ms
[debug]             Load.loadTransitive: finalizeProject(Project(id scala3_continuation-build, base: C:\repo\scala3_continuation\project, plugins: List(<none>))) took 75.1653ms
[debug] [Loading] Done in C:\repo\scala3_continuation\project, returning: (scala3_continuation-build)
[debug]           Load.loadUnit: loadedProjectsRaw took 290.5695ms
[debug]           Load.loadUnit: cleanEvalClasses took 8.7504ms
[debug]         Load.loadUnit(file:/C:/repo/scala3_continuation/project/, ...) took 396.5861ms
[debug]       Load.apply: load took 555.73ms
[debug]       Load.apply: resolveProjects took 6.6947ms
[debug]       Load.apply: finalTransforms took 54.7063ms
[debug]       Load.apply: config.delegates took 10.6349ms
[debug]       Load.apply: Def.make(settings)... took 488.793ms
[debug]       Load.apply: structureIndex took 112.715ms
[debug]       Load.apply: mkStreams took 1.5814ms
[info] loading project definition from C:\repo\scala3_continuation\project
[debug] Running task... Cancel: Signal, check cycles: false, forcegc: true
[debug]     Load.loadUnit: plugins took 2148.2629ms
[debug]     Load.loadUnit: defsScala took 0.0063ms
[debug] [Loading] Scanning directory C:\repo\scala3_continuation
[debug]       Load.loadUnit: mkEval took 0.5355ms
[debug] [Loading] Found root project root w/ remaining 
[debug] deducing auto plugins based on known facts Set(Atom(sbt.plugins.CorePlugin)) and clauses Clauses(Clause(Atom(sbt.plugins.JvmPlugin),Set(Atom(sbt.plugins.IvyPlugin)))
[debug] Clause(Atom(sbt.ScriptedPlugin),Set(Atom(sbt.plugins.JvmPlugin)))
[debug] Clause(Atom(sbt.plugins.SbtPlugin),Set(Atom(sbt.ScriptedPlugin)))
[debug] Clause(Atom(sbt.plugins.SemanticdbPlugin),Set(Atom(sbt.plugins.JvmPlugin)))
[debug] Clause(Atom(sbt.plugins.JUnitXmlReportPlugin),Set(Atom(sbt.plugins.JvmPlugin)))
[debug] Clause(Atom(sbt.plugins.MiniDependencyTreePlugin),Set(Atom(sbt.plugins.JvmPlugin)))
[debug] Clause(Atom(org.jetbrains.sbt.StructurePlugin),Set(Atom(sbt.plugins.JvmPlugin)))
[debug] Clause(Atom(org.jetbrains.sbt.IdeaShellPlugin),Set(Atom(sbt.plugins.JvmPlugin)))
[debug] Clause(Atom(sbt.plugins.CorePlugin),Set(Atom(sbt.plugins.IvyPlugin)))
[debug] Clause(Atom(sbt.plugins.IvyPlugin),Set(Atom(sbt.plugins.JvmPlugin)))
[debug] Clause(Atom(sbt.plugins.JvmPlugin),Set(Atom(sbt.plugins.SemanticdbPlugin)))
[debug] Clause(Atom(sbt.plugins.JvmPlugin),Set(Atom(sbt.plugins.JUnitXmlReportPlugin)))
[debug] Clause(Atom(sbt.plugins.CorePlugin),Set(Atom(sbt.plugins.Giter8TemplatePlugin)))
[debug] Clause(Atom(sbt.plugins.JvmPlugin),Set(Atom(sbt.plugins.MiniDependencyTreePlugin)))
[debug] Clause(Atom(sbt.plugins.JvmPlugin),Set(Atom(org.jetbrains.sbt.StructurePlugin)))
[debug] Clause(Atom(sbt.plugins.JvmPlugin),Set(Atom(org.jetbrains.sbt.IdeaShellPlugin))))
[debug]   :: deduced result: Matched(sbt.plugins.CorePlugin,sbt.plugins.Giter8TemplatePlugin,sbt.plugins.IvyPlugin,sbt.plugins.JvmPlugin,sbt.plugins.SemanticdbPlugin,sbt.plugins.JUnitXmlReportPlugin,org.jetbrains.sbt.IdeaShellPlugin,org.jetbrains.sbt.StructurePlugin,sbt.plugins.MiniDependencyTreePlugin)
[debug] Plugins.deducer#function took 2.483 ms
[info] loading settings for project root from build.sbt ...
[debug]         Load.resolveProject(root) took 26.5252ms
[debug]       Load.loadTransitive: finalizeProject(Project(id root, base: C:\repo\scala3_continuation, plugins: List(<none>))) took 29.8263ms
[debug] [Loading] Done in C:\repo\scala3_continuation, returning: (root)
[debug]     Load.loadUnit: loadedProjectsRaw took 1791.4852ms
[debug]     Load.loadUnit: cleanEvalClasses took 6.8461ms
[debug]   Load.loadUnit(file:/C:/repo/scala3_continuation/, ...) took 3948.2015ms
[debug] Load.apply: load took 3965.2144ms
[debug] Load.apply: resolveProjects took 0.1105ms
[debug] Load.apply: finalTransforms took 25.1659ms
[debug] Load.apply: config.delegates took 0.4867ms
[debug] Load.apply: Def.make(settings)... took 78.8239ms
[debug] Load.apply: structureIndex took 22.7957ms
[debug] Load.apply: mkStreams took 0.0023ms
[info] set current project to scala3_continuation (in build file:/C:/repo/scala3_continuation/)
[debug] > Exec(sbtPopOnFailure, None, None)
[debug] > Exec(resumeFromFailure, None, None)
[debug] > Exec(notifyUsersAboutShell, None, None)
[debug] > Exec(iflast shell, None, None)
[debug] > Exec(idea-shell, None, None)
