[debug] > Exec(;reload; set _root_.org.jetbrains.sbt.StructureKeys.sbtStructureOptions in Global := "download, resolveSourceClassifiers" ;preferScala2;*/*:dumpStructureTo C:/Users/fanli/AppData/Local/Temp/sbt-structure.xml; session clear-all, None, None)
[debug] > Exec(reload, None, None)
[debug] > Exec(sbtStashOnFailure, None, None)
[debug] > Exec(onFailure loadFailed, None, None)
[debug] > Exec(loadp, None, None)
[info] welcome to sbt 1.10.5 (Oracle Corporation Java 23.0.1)
[debug] Load.defaultLoad until apply took 3.3687ms
[debug]           Load.loadUnit: plugins took 22.4272ms
[debug]           Load.loadUnit: defsScala took 0.006ms
[debug] [Loading] Scanning directory C:\repo\scala3_continuation\project
[debug]             Load.loadUnit: mkEval took 0.2625ms
[debug] [Loading] Found non-root projects 
[debug] [Loading] Done in C:\repo\scala3_continuation\project, returning: ()
[debug] deducing auto plugins based on known facts Set(Atom(sbt.plugins.CorePlugin)) and clauses Clauses(Clause(Atom(sbt.plugins.JvmPlugin),Set(Atom(sbt.plugins.IvyPlugin)))
[debug] Clause(Atom(sbt.ScriptedPlugin),Set(Atom(sbt.plugins.JvmPlugin)))
[debug] Clause(Atom(sbt.plugins.SbtPlugin),Set(Atom(sbt.ScriptedPlugin)))
[debug] Clause(Atom(sbt.plugins.SemanticdbPlugin),Set(Atom(sbt.plugins.JvmPlugin)))
[debug] Clause(Atom(sbt.plugins.JUnitXmlReportPlugin),Set(Atom(sbt.plugins.JvmPlugin)))
[debug] Clause(Atom(sbt.plugins.MiniDependencyTreePlugin),Set(Atom(sbt.plugins.JvmPlugin)))
[debug] Clause(Atom(sbt.plugins.CorePlugin),Set(Atom(sbt.plugins.IvyPlugin)))
[debug] Clause(Atom(sbt.plugins.IvyPlugin),Set(Atom(sbt.plugins.JvmPlugin)))
[debug] Clause(Atom(sbt.plugins.JvmPlugin),Set(Atom(sbt.plugins.SemanticdbPlugin)))
[debug] Clause(Atom(sbt.plugins.JvmPlugin),Set(Atom(sbt.plugins.JUnitXmlReportPlugin)))
[debug] Clause(Atom(sbt.plugins.CorePlugin),Set(Atom(sbt.plugins.Giter8TemplatePlugin)))
[debug] Clause(Atom(sbt.plugins.JvmPlugin),Set(Atom(sbt.plugins.MiniDependencyTreePlugin))))
[debug]   :: deduced result: Matched(sbt.plugins.CorePlugin,sbt.plugins.Giter8TemplatePlugin,sbt.plugins.IvyPlugin,sbt.plugins.JvmPlugin,sbt.plugins.MiniDependencyTreePlugin,sbt.plugins.JUnitXmlReportPlugin,sbt.plugins.SemanticdbPlugin)
[debug] Plugins.deducer#function took 2.1388 ms
[info] loading settings for project scala3_continuation-build from idea2.sbt ...
[debug]               Load.resolveProject(scala3_continuation-build) took 2.1316ms
[debug]             Load.loadTransitive: finalizeProject(Project(id scala3_continuation-build, base: C:\repo\scala3_continuation\project, plugins: List(<none>))) took 4.9378ms
[debug] [Loading] Done in C:\repo\scala3_continuation\project, returning: (scala3_continuation-build)
[debug]           Load.loadUnit: loadedProjectsRaw took 29.9023ms
[debug]           Load.loadUnit: cleanEvalClasses took 2.7193ms
[debug]         Load.loadUnit(file:/C:/repo/scala3_continuation/project/, ...) took 56.1527ms
[debug]       Load.apply: load took 58.074ms
[debug]       Load.apply: resolveProjects took 0.1459ms
[debug]       Load.apply: finalTransforms took 9.7244ms
[debug]       Load.apply: config.delegates took 0.4344ms
[debug]       Load.apply: Def.make(settings)... took 66.0694ms
[debug]       Load.apply: structureIndex took 27.9875ms
[debug]       Load.apply: mkStreams took 0.0038ms
[info] loading project definition from C:\repo\scala3_continuation\project
[debug] Running task... Cancel: Signal, check cycles: false, forcegc: true
[debug]     Load.loadUnit: plugins took 365.3848ms
[debug]     Load.loadUnit: defsScala took 0.0018ms
[debug] [Loading] Scanning directory C:\repo\scala3_continuation
[debug]       Load.loadUnit: mkEval took 0.2491ms
[debug] [Loading] Found root project root w/ remaining 
[debug] deducing auto plugins based on known facts Set(Atom(sbt.plugins.CorePlugin)) and clauses Clauses(Clause(Atom(sbt.plugins.JvmPlugin),Set(Atom(sbt.plugins.IvyPlugin)))
[debug] Clause(Atom(sbt.ScriptedPlugin),Set(Atom(sbt.plugins.JvmPlugin)))
[debug] Clause(Atom(sbt.plugins.SbtPlugin),Set(Atom(sbt.ScriptedPlugin)))
[debug] Clause(Atom(sbt.plugins.SemanticdbPlugin),Set(Atom(sbt.plugins.JvmPlugin)))
[debug] Clause(Atom(sbt.plugins.JUnitXmlReportPlugin),Set(Atom(sbt.plugins.JvmPlugin)))
[debug] Clause(Atom(sbt.plugins.MiniDependencyTreePlugin),Set(Atom(sbt.plugins.JvmPlugin)))
[debug] Clause(Atom(org.jetbrains.sbt.StructurePlugin),Set(Atom(sbt.plugins.JvmPlugin)))
[debug] Clause(Atom(org.jetbrains.sbt.IdeaShellPlugin),Set(Atom(sbt.plugins.JvmPlugin)))
[debug] Clause(Atom(sbt.plugins.CorePlugin),Set(Atom(sbt.plugins.IvyPlugin)))
[debug] Clause(Atom(sbt.plugins.IvyPlugin),Set(Atom(sbt.plugins.JvmPlugin)))
[debug] Clause(Atom(sbt.plugins.JvmPlugin),Set(Atom(sbt.plugins.SemanticdbPlugin)))
[debug] Clause(Atom(sbt.plugins.JvmPlugin),Set(Atom(sbt.plugins.JUnitXmlReportPlugin)))
[debug] Clause(Atom(sbt.plugins.CorePlugin),Set(Atom(sbt.plugins.Giter8TemplatePlugin)))
[debug] Clause(Atom(sbt.plugins.JvmPlugin),Set(Atom(sbt.plugins.MiniDependencyTreePlugin)))
[debug] Clause(Atom(sbt.plugins.JvmPlugin),Set(Atom(org.jetbrains.sbt.StructurePlugin)))
[debug] Clause(Atom(sbt.plugins.JvmPlugin),Set(Atom(org.jetbrains.sbt.IdeaShellPlugin))))
[debug]   :: deduced result: Matched(sbt.plugins.CorePlugin,sbt.plugins.Giter8TemplatePlugin,sbt.plugins.IvyPlugin,sbt.plugins.JvmPlugin,sbt.plugins.SemanticdbPlugin,sbt.plugins.JUnitXmlReportPlugin,org.jetbrains.sbt.IdeaShellPlugin,org.jetbrains.sbt.StructurePlugin,sbt.plugins.MiniDependencyTreePlugin)
[debug] Plugins.deducer#function took 1.3135 ms
[info] loading settings for project root from build.sbt ...
[debug]         Load.resolveProject(root) took 24.0715ms
[debug]       Load.loadTransitive: finalizeProject(Project(id root, base: C:\repo\scala3_continuation, plugins: List(<none>))) took 25.7822ms
[debug] [Loading] Done in C:\repo\scala3_continuation, returning: (root)
[debug]     Load.loadUnit: loadedProjectsRaw took 58.7931ms
[debug]     Load.loadUnit: cleanEvalClasses took 6.0005ms
[debug]   Load.loadUnit(file:/C:/repo/scala3_continuation/, ...) took 430.8593ms
[debug] Load.apply: load took 432.5921ms
[debug] Load.apply: resolveProjects took 0.1082ms
[debug] Load.apply: finalTransforms took 19.0136ms
[debug] Load.apply: config.delegates took 0.3604ms
[debug] Load.apply: Def.make(settings)... took 77.6121ms
[debug] Load.apply: structureIndex took 20.8474ms
[debug] Load.apply: mkStreams took 0.0021ms
[info] set current project to scala3_continuation (in build file:/C:/repo/scala3_continuation/)
[debug] > Exec(sbtPopOnFailure, None, None)
[debug] > Exec(resumeFromFailure, None, None)
[debug] > Exec(set _root_.org.jetbrains.sbt.StructureKeys.sbtStructureOptions in Global := "download, resolveSourceClassifiers", None, None)
[info] Defining Global / sbtStructureOptions
[info] The new value will be used by Global / ssOptions
[debug] Defining 
[debug] 	Global / sbtStructureOptions
[debug] 
[debug] The new value will be used by 
[debug] 	Global / ssOptions
[info] Reapplying settings...
[info] set current project to scala3_continuation (in build file:/C:/repo/scala3_continuation/)
[debug] > Exec(preferScala2, None, None)
[debug] > Exec(*/*:dumpStructureTo C:/Users/fanli/AppData/Local/Temp/sbt-structure.xml, None, None)
[debug] Evaluating tasks: Global / dumpStructureTo
[warn] sbt 0.13 shell syntax is deprecated; use slash syntax instead: Global / dumpStructureTo
[debug] Running task... Cancel: Signal, check cycles: false, forcegc: true
[info] downloading https://repo1.maven.org/maven2/com/github/rssh/dotty-cps-async_3/0.9.9/dotty-cps-async_3-0.9.9.pom
[info] downloaded https://repo1.maven.org/maven2/com/github/rssh/dotty-cps-async_3/0.9.9/dotty-cps-async_3-0.9.9.pom
[info] downloading https://repo1.maven.org/maven2/com/github/rssh/dotty-cps-async_3/0.9.9/dotty-cps-async_3-0.9.9.jar
[info] downloaded https://repo1.maven.org/maven2/com/github/rssh/dotty-cps-async_3/0.9.9/dotty-cps-async_3-0.9.9.jar
[info] downloading https://repo1.maven.org/maven2/com/github/rssh/dotty-cps-async_3/0.9.9/dotty-cps-async_3-0.9.9-sources.jar
[info] downloaded https://repo1.maven.org/maven2/com/github/rssh/dotty-cps-async_3/0.9.9/dotty-cps-async_3-0.9.9-sources.jar
[info] Writing structure to C:\Users\fanli\AppData\Local\Temp\sbt-structure.xml...
[info] Done.
[success] Total time: 4 s, completed Nov 19, 2024, 4:46:45 p.m.
[debug] > Exec(session clear-all, None, None)
[info] Reapplying settings...
[info] set current project to scala3_continuation (in build file:/C:/repo/scala3_continuation/)
[debug] > Exec(idea-shell, None, None)
